{"level":"info","message":"Socket.IO initialized","service":"cinnamonchain","timestamp":"2026-03-26 17:45:27"}
{"level":"info","message":"Redis connected","service":"cinnamonchain","timestamp":"2026-03-26 17:45:28"}
{"level":"error","message":"Redis error: NOAUTH Authentication required","service":"cinnamonchain","timestamp":"2026-03-26 17:45:29"}
{"level":"info","message":"MongoDB connected: ac-1a09yjc-shard-00-00.kr0ujo9.mongodb.net","service":"cinnamonchain","timestamp":"2026-03-26 17:45:29"}
{"level":"info","message":"Server running on port 5000 [development]","service":"cinnamonchain","timestamp":"2026-03-26 17:45:29"}
{"level":"info","message":"Redis connected","service":"cinnamonchain","timestamp":"2026-03-26 17:45:29"}
{"level":"error","message":"Redis error: NOAUTH Authentication required","service":"cinnamonchain","timestamp":"2026-03-26 17:45:30"}
{"level":"info","message":"Redis connected","service":"cinnamonchain","timestamp":"2026-03-26 17:45:31"}
{"level":"error","message":"Redis error: NOAUTH Authentication required","service":"cinnamonchain","timestamp":"2026-03-26 17:45:31"}
{"level":"info","message":"Redis connected","service":"cinnamonchain","timestamp":"2026-03-26 17:45:33"}
{"level":"error","message":"Redis error: NOAUTH Authentication required","service":"cinnamonchain","timestamp":"2026-03-26 17:45:33"}
{"level":"info","message":"Redis connected","service":"cinnamonchain","timestamp":"2026-03-26 17:45:35"}
{"level":"info","message":"Socket.IO initialized","service":"cinnamonchain","timestamp":"2026-03-26 17:45:35"}
{"level":"error","message":"Redis error: NOAUTH Authentication required","service":"cinnamonchain","timestamp":"2026-03-26 17:45:35"}
{"level":"info","message":"Redis connected","service":"cinnamonchain","timestamp":"2026-03-26 17:45:36"}
{"level":"error","message":"Redis error: NOAUTH Authentication required","service":"cinnamonchain","timestamp":"2026-03-26 17:45:37"}
{"level":"info","message":"MongoDB connected: ac-1a09yjc-shard-00-00.kr0ujo9.mongodb.net","service":"cinnamonchain","timestamp":"2026-03-26 17:45:38"}
{"level":"info","message":"Redis connected","service":"cinnamonchain","timestamp":"2026-03-26 17:45:38"}
{"level":"error","message":"Redis error: NOAUTH Authentication required","service":"cinnamonchain","timestamp":"2026-03-26 17:45:38"}
{"level":"info","message":"Redis connected","service":"cinnamonchain","timestamp":"2026-03-26 17:45:40"}
{"level":"error","message":"Redis error: NOAUTH Authentication required","service":"cinnamonchain","timestamp":"2026-03-26 17:45:41"}
{"level":"info","message":"Redis connected","service":"cinnamonchain","timestamp":"2026-03-26 17:45:42"}
{"level":"error","message":"Redis error: NOAUTH Authentication required","service":"cinnamonchain","timestamp":"2026-03-26 17:45:43"}
{"level":"info","message":"Redis connected","service":"cinnamonchain","timestamp":"2026-03-26 17:45:45"}
{"level":"error","message":"Redis error: NOAUTH Authentication required","service":"cinnamonchain","timestamp":"2026-03-26 17:45:46"}
{"level":"info","message":"Redis connected","service":"cinnamonchain","timestamp":"2026-03-26 17:45:48"}
{"level":"error","message":"Redis error: NOAUTH Authentication required","service":"cinnamonchain","timestamp":"2026-03-26 17:45:49"}
{"level":"info","message":"Redis connected","service":"cinnamonchain","timestamp":"2026-03-26 17:45:51"}
{"level":"error","message":"Redis error: NOAUTH Authentication required","service":"cinnamonchain","timestamp":"2026-03-26 17:45:52"}
{"level":"info","message":"Redis connected","service":"cinnamonchain","timestamp":"2026-03-26 17:45:55"}
{"level":"error","message":"Redis error: NOAUTH Authentication required","service":"cinnamonchain","timestamp":"2026-03-26 17:45:55"}
{"level":"info","message":"Redis connected","service":"cinnamonchain","timestamp":"2026-03-26 17:45:58"}
{"level":"error","message":"Redis error: NOAUTH Authentication required","service":"cinnamonchain","timestamp":"2026-03-26 17:45:59"}
{"level":"info","message":"Redis connected","service":"cinnamonchain","timestamp":"2026-03-26 17:46:02"}
{"level":"error","message":"Redis error: NOAUTH Authentication required","service":"cinnamonchain","timestamp":"2026-03-26 17:46:02"}
{"level":"info","message":"Redis connected","service":"cinnamonchain","timestamp":"2026-03-26 17:46:06"}
{"level":"error","message":"Redis error: NOAUTH Authentication required","service":"cinnamonchain","timestamp":"2026-03-26 17:46:06"}
{"level":"info","message":"Socket.IO initialized","service":"cinnamonchain","timestamp":"2026-03-26 17:46:06"}
{"level":"info","message":"Redis connected","service":"cinnamonchain","timestamp":"2026-03-26 17:46:07"}
{"level":"error","message":"Redis error: NOAUTH Authentication required","service":"cinnamonchain","timestamp":"2026-03-26 17:46:07"}
{"level":"info","message":"MongoDB connected: ac-1a09yjc-shard-00-00.kr0ujo9.mongodb.net","service":"cinnamonchain","timestamp":"2026-03-26 17:46:08"}
{"level":"info","message":"Redis connected","service":"cinnamonchain","timestamp":"2026-03-26 17:46:10"}
{"level":"error","message":"Redis error: NOAUTH Authentication required","service":"cinnamonchain","timestamp":"2026-03-26 17:46:10"}
{"level":"info","message":"Redis connected","service":"cinnamonchain","timestamp":"2026-03-26 17:46:15"}
{"level":"error","message":"Redis error: NOAUTH Authentication required","service":"cinnamonchain","timestamp":"2026-03-26 17:46:17"}
{"level":"info","message":"Redis connected","service":"cinnamonchain","timestamp":"2026-03-26 17:46:22"}
{"level":"error","message":"Redis error: NOAUTH Authentication required","service":"cinnamonchain","timestamp":"2026-03-26 17:46:24"}
{"level":"info","message":"Redis connected","service":"cinnamonchain","timestamp":"2026-03-26 17:46:35"}
{"level":"error","message":"Redis error: NOAUTH Authentication required","service":"cinnamonchain","timestamp":"2026-03-26 17:46:42"}
{"level":"info","message":"Redis connected","service":"cinnamonchain","timestamp":"2026-03-26 17:46:51"}
{"level":"error","message":"Redis error: NOAUTH Authentication required","service":"cinnamonchain","timestamp":"2026-03-26 17:46:54"}
{"level":"info","message":"Redis connected","service":"cinnamonchain","timestamp":"2026-03-26 17:47:01"}
{"level":"error","message":"Redis error: NOAUTH Authentication required","service":"cinnamonchain","timestamp":"2026-03-26 17:47:02"}
{"level":"info","message":"Redis connected","service":"cinnamonchain","timestamp":"2026-03-26 17:47:11"}
{"level":"error","message":"Redis error: NOAUTH Authentication required","service":"cinnamonchain","timestamp":"2026-03-26 17:47:14"}
{"level":"info","message":"Redis connected","service":"cinnamonchain","timestamp":"2026-03-26 17:47:20"}
{"level":"error","message":"Redis error: NOAUTH Authentication required","service":"cinnamonchain","timestamp":"2026-03-26 17:47:22"}
{"level":"info","message":"Redis connected","service":"cinnamonchain","timestamp":"2026-03-26 17:47:28"}
{"level":"error","message":"Redis error: NOAUTH Authentication required","service":"cinnamonchain","timestamp":"2026-03-26 17:47:29"}
{"level":"info","message":"Redis connected","service":"cinnamonchain","timestamp":"2026-03-26 17:47:35"}
{"level":"error","message":"Redis error: NOAUTH Authentication required","service":"cinnamonchain","timestamp":"2026-03-26 17:47:36"}
{"level":"info","message":"Redis connected","service":"cinnamonchain","timestamp":"2026-03-26 17:47:42"}
{"level":"error","message":"Redis error: NOAUTH Authentication required","service":"cinnamonchain","timestamp":"2026-03-26 17:47:42"}
{"level":"info","message":"Redis connected","service":"cinnamonchain","timestamp":"2026-03-26 17:47:48"}
{"level":"error","message":"Redis error: NOAUTH Authentication required","service":"cinnamonchain","timestamp":"2026-03-26 17:47:49"}
{"level":"info","message":"Redis connected","service":"cinnamonchain","timestamp":"2026-03-26 17:47:56"}
{"level":"error","message":"Redis error: NOAUTH Authentication required","service":"cinnamonchain","timestamp":"2026-03-26 17:47:56"}
{"level":"info","message":"Redis connected","service":"cinnamonchain","timestamp":"2026-03-26 17:48:02"}
{"level":"error","message":"Redis error: NOAUTH Authentication required","service":"cinnamonchain","timestamp":"2026-03-26 17:48:03"}
{"level":"info","message":"Redis connected","service":"cinnamonchain","timestamp":"2026-03-26 17:48:08"}
{"level":"error","message":"Redis error: NOAUTH Authentication required","service":"cinnamonchain","timestamp":"2026-03-26 17:48:09"}
{"level":"info","message":"Redis connected","service":"cinnamonchain","timestamp":"2026-03-26 17:48:14"}
{"level":"error","message":"Redis error: NOAUTH Authentication required","service":"cinnamonchain","timestamp":"2026-03-26 17:48:15"}
{"level":"info","message":"Redis connected","service":"cinnamonchain","timestamp":"2026-03-26 17:48:21"}
{"level":"error","message":"Redis error: NOAUTH Authentication required","service":"cinnamonchain","timestamp":"2026-03-26 17:48:21"}
{"level":"info","message":"Redis connected","service":"cinnamonchain","timestamp":"2026-03-26 17:48:27"}
{"level":"error","message":"Redis error: NOAUTH Authentication required","service":"cinnamonchain","timestamp":"2026-03-26 17:48:27"}
{"level":"info","message":"Redis connected","service":"cinnamonchain","timestamp":"2026-03-26 17:48:33"}
{"level":"error","message":"Redis error: NOAUTH Authentication required","service":"cinnamonchain","timestamp":"2026-03-26 17:48:34"}
{"level":"info","message":"Redis connected","service":"cinnamonchain","timestamp":"2026-03-26 17:48:39"}
{"level":"error","message":"Redis error: NOAUTH Authentication required","service":"cinnamonchain","timestamp":"2026-03-26 17:48:40"}
{"level":"info","message":"Socket.IO initialized","service":"cinnamonchain","timestamp":"2026-03-26 18:08:02"}
{"level":"info","message":"Socket.IO initialized","service":"cinnamonchain","timestamp":"2026-03-26 18:08:02"}
{"level":"info","message":"Redis connected","service":"cinnamonchain","timestamp":"2026-03-26 18:08:03"}
{"level":"info","message":"Redis connected","service":"cinnamonchain","timestamp":"2026-03-26 18:08:03"}
{"level":"info","message":"Socket.IO initialized","service":"cinnamonchain","timestamp":"2026-03-26 18:08:06"}
{"level":"info","message":"Socket.IO initialized","service":"cinnamonchain","timestamp":"2026-03-26 18:08:06"}
{"level":"info","message":"Redis connected","service":"cinnamonchain","timestamp":"2026-03-26 18:08:06"}
{"level":"info","message":"Redis connected","service":"cinnamonchain","timestamp":"2026-03-26 18:08:06"}
{"level":"error","message":"Redis error: NOAUTH Authentication required","service":"cinnamonchain","timestamp":"2026-03-26 18:08:07"}
{"level":"error","message":"Redis error: NOAUTH Authentication required","service":"cinnamonchain","timestamp":"2026-03-26 18:08:07"}
{"level":"info","message":"MongoDB connected: ac-1a09yjc-shard-00-01.kr0ujo9.mongodb.net","service":"cinnamonchain","timestamp":"2026-03-26 18:08:07"}
{"level":"info","message":"Server running on port 5000 [development]","service":"cinnamonchain","timestamp":"2026-03-26 18:08:07"}
{"level":"info","message":"MongoDB connected: ac-1a09yjc-shard-00-01.kr0ujo9.mongodb.net","service":"cinnamonchain","timestamp":"2026-03-26 18:08:08"}
{"level":"info","message":"Redis connected","service":"cinnamonchain","timestamp":"2026-03-26 18:08:08"}
{"level":"error","message":"Redis error: NOAUTH Authentication required","service":"cinnamonchain","timestamp":"2026-03-26 18:08:09"}
{"level":"info","message":"Redis connected","service":"cinnamonchain","timestamp":"2026-03-26 18:08:10"}
{"level":"error","message":"Redis error: NOAUTH Authentication required","service":"cinnamonchain","timestamp":"2026-03-26 18:08:10"}
{"level":"info","message":"Redis connected","service":"cinnamonchain","timestamp":"2026-03-26 18:08:11"}
{"level":"error","message":"Redis error: NOAUTH Authentication required","service":"cinnamonchain","timestamp":"2026-03-26 18:08:12"}
{"level":"info","message":"Redis connected","service":"cinnamonchain","timestamp":"2026-03-26 18:08:13"}
{"level":"error","message":"Redis error: NOAUTH Authentication required","service":"cinnamonchain","timestamp":"2026-03-26 18:08:14"}
{"level":"info","message":"Redis connected","service":"cinnamonchain","timestamp":"2026-03-26 18:08:16"}
{"level":"error","message":"Redis error: NOAUTH Authentication required","service":"cinnamonchain","timestamp":"2026-03-26 18:08:17"}
{"level":"info","message":"Redis connected","service":"cinnamonchain","timestamp":"2026-03-26 18:08:19"}
{"level":"error","message":"Redis error: NOAUTH Authentication required","service":"cinnamonchain","timestamp":"2026-03-26 18:08:20"}
{"level":"info","message":"Redis connected","service":"cinnamonchain","timestamp":"2026-03-26 18:08:22"}
{"level":"error","message":"Redis error: NOAUTH Authentication required","service":"cinnamonchain","timestamp":"2026-03-26 18:08:22"}
{"level":"info","message":"Redis connected","service":"cinnamonchain","timestamp":"2026-03-26 18:08:24"}
{"level":"error","message":"Redis error: NOAUTH Authentication required","service":"cinnamonchain","timestamp":"2026-03-26 18:08:25"}
{"level":"info","message":"Redis connected","service":"cinnamonchain","timestamp":"2026-03-26 18:08:27"}
{"level":"error","message":"Redis error: NOAUTH Authentication required","service":"cinnamonchain","timestamp":"2026-03-26 18:08:28"}
{"level":"info","message":"Socket.IO initialized","service":"cinnamonchain","timestamp":"2026-03-26 18:08:31"}
{"level":"info","message":"Socket.IO initialized","service":"cinnamonchain","timestamp":"2026-03-26 18:08:31"}
{"level":"info","message":"Redis connected","service":"cinnamonchain","timestamp":"2026-03-26 18:08:31"}
{"level":"info","message":"Redis connected","service":"cinnamonchain","timestamp":"2026-03-26 18:08:31"}
{"level":"error","message":"Redis error: NOAUTH Authentication required","service":"cinnamonchain","timestamp":"2026-03-26 18:08:31"}
{"level":"info","message":"MongoDB connected: ac-1a09yjc-shard-00-01.kr0ujo9.mongodb.net","service":"cinnamonchain","timestamp":"2026-03-26 18:08:31"}
{"level":"info","message":"Server running on port 5000 [development]","service":"cinnamonchain","timestamp":"2026-03-26 18:08:32"}
{"level":"error","message":"Redis error: NOAUTH Authentication required","service":"cinnamonchain","timestamp":"2026-03-26 18:08:32"}
{"level":"info","message":"MongoDB connected: ac-1a09yjc-shard-00-01.kr0ujo9.mongodb.net","service":"cinnamonchain","timestamp":"2026-03-26 18:08:32"}
{"level":"info","message":"Redis connected","service":"cinnamonchain","timestamp":"2026-03-26 18:08:32"}
{"level":"info","message":"Socket.IO initialized","service":"cinnamonchain","timestamp":"2026-03-26 18:08:33"}
{"level":"info","message":"Socket.IO initialized","service":"cinnamonchain","timestamp":"2026-03-26 18:08:34"}
{"level":"info","message":"Redis connected","service":"cinnamonchain","timestamp":"2026-03-26 18:08:34"}
{"level":"info","message":"Redis connected","service":"cinnamonchain","timestamp":"2026-03-26 18:08:34"}
{"level":"error","message":"Redis error: NOAUTH Authentication required","service":"cinnamonchain","timestamp":"2026-03-26 18:08:34"}
{"level":"error","message":"Redis error: NOAUTH Authentication required","service":"cinnamonchain","timestamp":"2026-03-26 18:08:34"}
{"level":"info","message":"MongoDB connected: ac-1a09yjc-shard-00-01.kr0ujo9.mongodb.net","service":"cinnamonchain","timestamp":"2026-03-26 18:08:34"}
{"level":"info","message":"Server running on port 5000 [development]","service":"cinnamonchain","timestamp":"2026-03-26 18:08:34"}
{"level":"info","message":"MongoDB connected: ac-1a09yjc-shard-00-01.kr0ujo9.mongodb.net","service":"cinnamonchain","timestamp":"2026-03-26 18:08:34"}
{"level":"info","message":"Redis connected","service":"cinnamonchain","timestamp":"2026-03-26 18:08:35"}
{"level":"error","message":"Redis error: NOAUTH Authentication required","service":"cinnamonchain","timestamp":"2026-03-26 18:08:36"}
{"level":"info","message":"Redis connected","service":"cinnamonchain","timestamp":"2026-03-26 18:08:36"}
{"level":"error","message":"Redis error: NOAUTH Authentication required","service":"cinnamonchain","timestamp":"2026-03-26 18:08:37"}
{"level":"info","message":"Redis connected","service":"cinnamonchain","timestamp":"2026-03-26 18:08:38"}
{"level":"error","message":"Redis error: NOAUTH Authentication required","service":"cinnamonchain","timestamp":"2026-03-26 18:08:39"}
{"level":"info","message":"Redis connected","service":"cinnamonchain","timestamp":"2026-03-26 18:08:40"}
{"level":"error","message":"Redis error: NOAUTH Authentication required","service":"cinnamonchain","timestamp":"2026-03-26 18:08:41"}
{"level":"info","message":"Redis connected","service":"cinnamonchain","timestamp":"2026-03-26 18:08:42"}
{"level":"error","message":"Redis error: NOAUTH Authentication required","service":"cinnamonchain","timestamp":"2026-03-26 18:08:43"}
{"level":"info","message":"Redis connected","service":"cinnamonchain","timestamp":"2026-03-26 18:08:44"}
{"level":"error","message":"Redis error: NOAUTH Authentication required","service":"cinnamonchain","timestamp":"2026-03-26 18:08:45"}
{"level":"info","message":"Redis connected","service":"cinnamonchain","timestamp":"2026-03-26 18:08:47"}
{"level":"error","message":"Redis error: NOAUTH Authentication required","service":"cinnamonchain","timestamp":"2026-03-26 18:08:48"}
{"level":"info","message":"Redis connected","service":"cinnamonchain","timestamp":"2026-03-26 18:08:50"}
{"level":"error","message":"Redis error: NOAUTH Authentication required","service":"cinnamonchain","timestamp":"2026-03-26 18:08:51"}
{"level":"info","message":"Redis connected","service":"cinnamonchain","timestamp":"2026-03-26 18:08:53"}
{"level":"error","message":"Redis error: NOAUTH Authentication required","service":"cinnamonchain","timestamp":"2026-03-26 18:08:54"}
{"level":"info","message":"Redis connected","service":"cinnamonchain","timestamp":"2026-03-26 18:08:56"}
{"level":"error","message":"Redis error: NOAUTH Authentication required","service":"cinnamonchain","timestamp":"2026-03-26 18:08:57"}
{"level":"info","message":"Redis connected","service":"cinnamonchain","timestamp":"2026-03-26 18:08:59"}
{"level":"error","message":"Redis error: NOAUTH Authentication required","service":"cinnamonchain","timestamp":"2026-03-26 18:09:00"}
{"level":"info","message":"Redis connected","service":"cinnamonchain","timestamp":"2026-03-26 18:09:03"}
{"level":"error","message":"Redis error: NOAUTH Authentication required","service":"cinnamonchain","timestamp":"2026-03-26 18:09:03"}
{"level":"info","message":"Redis connected","service":"cinnamonchain","timestamp":"2026-03-26 18:09:07"}
{"level":"error","message":"Redis error: NOAUTH Authentication required","service":"cinnamonchain","timestamp":"2026-03-26 18:09:07"}
{"level":"info","message":"Redis connected","service":"cinnamonchain","timestamp":"2026-03-26 18:09:10"}
{"level":"error","message":"Redis error: NOAUTH Authentication required","service":"cinnamonchain","timestamp":"2026-03-26 18:09:11"}
{"level":"info","message":"Redis connected","service":"cinnamonchain","timestamp":"2026-03-26 18:09:15"}
{"level":"error","message":"Redis error: NOAUTH Authentication required","service":"cinnamonchain","timestamp":"2026-03-26 18:09:15"}
{"level":"info","message":"Redis connected","service":"cinnamonchain","timestamp":"2026-03-26 18:09:19"}
{"level":"error","message":"Redis error: NOAUTH Authentication required","service":"cinnamonchain","timestamp":"2026-03-26 18:09:20"}
{"level":"info","message":"Socket.IO initialized","service":"cinnamonchain","timestamp":"2026-03-26 18:09:20"}
{"level":"info","message":"Redis connected","service":"cinnamonchain","timestamp":"2026-03-26 18:09:21"}
{"level":"error","message":"Redis error: NOAUTH Authentication required","service":"cinnamonchain","timestamp":"2026-03-26 18:09:21"}
{"level":"info","message":"MongoDB connected: ac-1a09yjc-shard-00-01.kr0ujo9.mongodb.net","service":"cinnamonchain","timestamp":"2026-03-26 18:09:21"}
{"level":"info","message":"Redis connected","service":"cinnamonchain","timestamp":"2026-03-26 18:09:24"}
{"level":"error","message":"Redis error: NOAUTH Authentication required","service":"cinnamonchain","timestamp":"2026-03-26 18:09:24"}
{"level":"info","message":"Redis connected","service":"cinnamonchain","timestamp":"2026-03-26 18:09:28"}
{"level":"error","message":"Redis error: NOAUTH Authentication required","service":"cinnamonchain","timestamp":"2026-03-26 18:09:29"}
{"level":"info","message":"Redis connected","service":"cinnamonchain","timestamp":"2026-03-26 18:09:33"}
{"level":"error","message":"Redis error: NOAUTH Authentication required","service":"cinnamonchain","timestamp":"2026-03-26 18:09:34"}
{"level":"info","message":"Redis connected","service":"cinnamonchain","timestamp":"2026-03-26 18:09:38"}
{"level":"error","message":"Redis error: NOAUTH Authentication required","service":"cinnamonchain","timestamp":"2026-03-26 18:09:39"}
{"level":"info","message":"Redis connected","service":"cinnamonchain","timestamp":"2026-03-26 18:09:44"}
{"level":"error","message":"Redis error: NOAUTH Authentication required","service":"cinnamonchain","timestamp":"2026-03-26 18:09:44"}
{"level":"info","message":"Redis connected","service":"cinnamonchain","timestamp":"2026-03-26 18:09:49"}
{"level":"error","message":"Redis error: NOAUTH Authentication required","service":"cinnamonchain","timestamp":"2026-03-26 18:09:50"}
{"level":"info","message":"Redis connected","service":"cinnamonchain","timestamp":"2026-03-26 18:09:55"}
{"level":"error","message":"Redis error: NOAUTH Authentication required","service":"cinnamonchain","timestamp":"2026-03-26 18:09:55"}
{"level":"info","message":"Redis connected","service":"cinnamonchain","timestamp":"2026-03-26 18:10:01"}
{"level":"error","message":"Redis error: NOAUTH Authentication required","service":"cinnamonchain","timestamp":"2026-03-26 18:10:01"}
{"level":"info","message":"Redis connected","service":"cinnamonchain","timestamp":"2026-03-26 18:10:07"}
{"level":"error","message":"Redis error: NOAUTH Authentication required","service":"cinnamonchain","timestamp":"2026-03-26 18:10:07"}
{"level":"info","message":"Redis connected","service":"cinnamonchain","timestamp":"2026-03-26 18:10:13"}
{"level":"error","message":"Redis error: NOAUTH Authentication required","service":"cinnamonchain","timestamp":"2026-03-26 18:10:13"}
{"level":"info","message":"Redis connected","service":"cinnamonchain","timestamp":"2026-03-26 18:10:19"}
{"level":"error","message":"Redis error: NOAUTH Authentication required","service":"cinnamonchain","timestamp":"2026-03-26 18:10:19"}
{"level":"info","message":"Redis connected","service":"cinnamonchain","timestamp":"2026-03-26 18:10:25"}
{"level":"error","message":"Redis error: NOAUTH Authentication required","service":"cinnamonchain","timestamp":"2026-03-26 18:10:26"}
{"level":"info","message":"Redis connected","service":"cinnamonchain","timestamp":"2026-03-26 18:10:31"}
{"level":"error","message":"Redis error: NOAUTH Authentication required","service":"cinnamonchain","timestamp":"2026-03-26 18:10:32"}
{"level":"info","message":"Redis connected","service":"cinnamonchain","timestamp":"2026-03-26 18:10:37"}
{"level":"error","message":"Redis error: NOAUTH Authentication required","service":"cinnamonchain","timestamp":"2026-03-26 18:10:38"}
{"level":"info","message":"Redis connected","service":"cinnamonchain","timestamp":"2026-03-26 18:10:43"}
{"level":"error","message":"Redis error: NOAUTH Authentication required","service":"cinnamonchain","timestamp":"2026-03-26 18:10:44"}
{"level":"info","message":"Redis connected","service":"cinnamonchain","timestamp":"2026-03-26 18:10:50"}
{"level":"error","message":"Redis error: NOAUTH Authentication required","service":"cinnamonchain","timestamp":"2026-03-26 18:10:50"}
{"level":"info","message":"Redis connected","service":"cinnamonchain","timestamp":"2026-03-26 18:10:56"}
{"level":"error","message":"Redis error: NOAUTH Authentication required","service":"cinnamonchain","timestamp":"2026-03-26 18:10:56"}
{"level":"info","message":"Redis connected","service":"cinnamonchain","timestamp":"2026-03-26 18:11:02"}
{"level":"error","message":"Redis error: NOAUTH Authentication required","service":"cinnamonchain","timestamp":"2026-03-26 18:11:02"}
{"level":"info","message":"Redis connected","service":"cinnamonchain","timestamp":"2026-03-26 18:11:08"}
{"level":"error","message":"Redis error: NOAUTH Authentication required","service":"cinnamonchain","timestamp":"2026-03-26 18:11:09"}
{"level":"info","message":"Redis connected","service":"cinnamonchain","timestamp":"2026-03-26 18:11:14"}
{"level":"error","message":"Redis error: NOAUTH Authentication required","service":"cinnamonchain","timestamp":"2026-03-26 18:11:15"}
{"level":"info","message":"Redis connected","service":"cinnamonchain","timestamp":"2026-03-26 18:11:20"}
{"level":"error","message":"Redis error: NOAUTH Authentication required","service":"cinnamonchain","timestamp":"2026-03-26 18:11:21"}
{"level":"info","message":"Redis connected","service":"cinnamonchain","timestamp":"2026-03-26 18:11:26"}
{"level":"error","message":"Redis error: NOAUTH Authentication required","service":"cinnamonchain","timestamp":"2026-03-26 18:11:27"}
{"level":"info","message":"Redis connected","service":"cinnamonchain","timestamp":"2026-03-26 18:11:32"}
{"level":"error","message":"Redis error: NOAUTH Authentication required","service":"cinnamonchain","timestamp":"2026-03-26 18:11:33"}
{"level":"info","message":"Redis connected","service":"cinnamonchain","timestamp":"2026-03-26 18:11:39"}
{"level":"error","message":"Redis error: NOAUTH Authentication required","service":"cinnamonchain","timestamp":"2026-03-26 18:11:39"}
{"level":"info","message":"Redis connected","service":"cinnamonchain","timestamp":"2026-03-26 18:11:45"}
{"level":"error","message":"Redis error: NOAUTH Authentication required","service":"cinnamonchain","timestamp":"2026-03-26 18:11:45"}
{"level":"info","message":"Redis connected","service":"cinnamonchain","timestamp":"2026-03-26 18:11:51"}
{"level":"error","message":"Redis error: NOAUTH Authentication required","service":"cinnamonchain","timestamp":"2026-03-26 18:11:51"}
{"level":"info","message":"Redis connected","service":"cinnamonchain","timestamp":"2026-03-26 18:11:57"}
{"level":"error","message":"Redis error: NOAUTH Authentication required","service":"cinnamonchain","timestamp":"2026-03-26 18:11:57"}
{"level":"info","message":"Redis connected","service":"cinnamonchain","timestamp":"2026-03-26 18:12:03"}
{"level":"error","message":"Redis error: NOAUTH Authentication required","service":"cinnamonchain","timestamp":"2026-03-26 18:12:03"}
{"level":"info","message":"Redis connected","service":"cinnamonchain","timestamp":"2026-03-26 18:12:09"}
{"level":"error","message":"Redis error: NOAUTH Authentication required","service":"cinnamonchain","timestamp":"2026-03-26 18:12:10"}
{"level":"info","message":"Redis connected","service":"cinnamonchain","timestamp":"2026-03-26 18:12:15"}
{"level":"error","message":"Redis error: NOAUTH Authentication required","service":"cinnamonchain","timestamp":"2026-03-26 18:12:16"}
{"level":"info","message":"Redis connected","service":"cinnamonchain","timestamp":"2026-03-26 18:12:21"}
{"level":"error","message":"Redis error: NOAUTH Authentication required","service":"cinnamonchain","timestamp":"2026-03-26 18:12:22"}
{"level":"info","message":"Redis connected","service":"cinnamonchain","timestamp":"2026-03-26 18:12:27"}
{"level":"error","message":"Redis error: NOAUTH Authentication required","service":"cinnamonchain","timestamp":"2026-03-26 18:12:28"}
{"level":"info","message":"Redis connected","service":"cinnamonchain","timestamp":"2026-03-26 18:12:34"}
{"level":"error","message":"Redis error: NOAUTH Authentication required","service":"cinnamonchain","timestamp":"2026-03-26 18:12:34"}
{"level":"info","message":"Redis connected","service":"cinnamonchain","timestamp":"2026-03-26 18:12:40"}
{"level":"error","message":"Redis error: NOAUTH Authentication required","service":"cinnamonchain","timestamp":"2026-03-26 18:12:40"}
{"level":"info","message":"Redis connected","service":"cinnamonchain","timestamp":"2026-03-26 18:12:46"}
{"level":"error","message":"Redis error: NOAUTH Authentication required","service":"cinnamonchain","timestamp":"2026-03-26 18:12:46"}
{"level":"info","message":"Redis connected","service":"cinnamonchain","timestamp":"2026-03-26 18:12:52"}
{"level":"error","message":"Redis error: NOAUTH Authentication required","service":"cinnamonchain","timestamp":"2026-03-26 18:12:52"}
{"level":"info","message":"Redis connected","service":"cinnamonchain","timestamp":"2026-03-26 18:12:58"}
{"level":"error","message":"Redis error: NOAUTH Authentication required","service":"cinnamonchain","timestamp":"2026-03-26 18:12:58"}
{"level":"info","message":"Redis connected","service":"cinnamonchain","timestamp":"2026-03-26 18:13:04"}
{"level":"error","message":"Redis error: NOAUTH Authentication required","service":"cinnamonchain","timestamp":"2026-03-26 18:13:04"}
{"level":"info","message":"Redis connected","service":"cinnamonchain","timestamp":"2026-03-26 18:13:10"}
{"level":"error","message":"Redis error: NOAUTH Authentication required","service":"cinnamonchain","timestamp":"2026-03-26 18:13:11"}
{"level":"info","message":"Redis connected","service":"cinnamonchain","timestamp":"2026-03-26 18:13:16"}
{"level":"error","message":"Redis error: NOAUTH Authentication required","service":"cinnamonchain","timestamp":"2026-03-26 18:13:17"}
{"level":"info","message":"Redis connected","service":"cinnamonchain","timestamp":"2026-03-26 18:13:22"}
{"level":"error","message":"Redis error: NOAUTH Authentication required","service":"cinnamonchain","timestamp":"2026-03-26 18:13:23"}
{"level":"info","message":"Redis connected","service":"cinnamonchain","timestamp":"2026-03-26 18:13:28"}
{"level":"error","message":"Redis error: NOAUTH Authentication required","service":"cinnamonchain","timestamp":"2026-03-26 18:13:29"}
{"level":"info","message":"Redis connected","service":"cinnamonchain","timestamp":"2026-03-26 18:13:35"}
{"level":"error","message":"Redis error: NOAUTH Authentication required","service":"cinnamonchain","timestamp":"2026-03-26 18:13:35"}
{"level":"info","message":"Redis connected","service":"cinnamonchain","timestamp":"2026-03-26 18:13:41"}
{"level":"error","message":"Redis error: NOAUTH Authentication required","service":"cinnamonchain","timestamp":"2026-03-26 18:13:41"}
{"level":"info","message":"Redis connected","service":"cinnamonchain","timestamp":"2026-03-26 18:13:47"}
{"level":"error","message":"Redis error: NOAUTH Authentication required","service":"cinnamonchain","timestamp":"2026-03-26 18:13:47"}
{"level":"info","message":"Redis connected","service":"cinnamonchain","timestamp":"2026-03-26 18:13:53"}
{"level":"error","message":"Redis error: NOAUTH Authentication required","service":"cinnamonchain","timestamp":"2026-03-26 18:13:53"}
{"level":"info","message":"Redis connected","service":"cinnamonchain","timestamp":"2026-03-26 18:13:59"}
{"level":"error","message":"Redis error: NOAUTH Authentication required","service":"cinnamonchain","timestamp":"2026-03-26 18:13:59"}
{"level":"info","message":"Redis connected","service":"cinnamonchain","timestamp":"2026-03-26 18:14:05"}
{"level":"error","message":"Redis error: NOAUTH Authentication required","service":"cinnamonchain","timestamp":"2026-03-26 18:14:05"}
{"level":"info","message":"Redis connected","service":"cinnamonchain","timestamp":"2026-03-26 18:14:11"}
{"level":"error","message":"Redis error: NOAUTH Authentication required","service":"cinnamonchain","timestamp":"2026-03-26 18:14:12"}
{"level":"info","message":"Redis connected","service":"cinnamonchain","timestamp":"2026-03-26 18:14:17"}
{"level":"error","message":"Redis error: NOAUTH Authentication required","service":"cinnamonchain","timestamp":"2026-03-26 18:14:18"}
{"level":"info","message":"Redis connected","service":"cinnamonchain","timestamp":"2026-03-26 18:14:23"}
{"level":"error","message":"Redis error: NOAUTH Authentication required","service":"cinnamonchain","timestamp":"2026-03-26 18:14:24"}
{"level":"info","message":"Redis connected","service":"cinnamonchain","timestamp":"2026-03-26 18:14:30"}
{"level":"error","message":"Redis error: NOAUTH Authentication required","service":"cinnamonchain","timestamp":"2026-03-26 18:14:30"}
{"level":"info","message":"Redis connected","service":"cinnamonchain","timestamp":"2026-03-26 18:14:36"}
{"level":"error","message":"Redis error: NOAUTH Authentication required","service":"cinnamonchain","timestamp":"2026-03-26 18:14:36"}
{"level":"info","message":"Redis connected","service":"cinnamonchain","timestamp":"2026-03-26 18:14:42"}
{"level":"error","message":"Redis error: NOAUTH Authentication required","service":"cinnamonchain","timestamp":"2026-03-26 18:14:42"}
{"level":"info","message":"Redis connected","service":"cinnamonchain","timestamp":"2026-03-26 18:14:48"}
{"level":"error","message":"Redis error: NOAUTH Authentication required","service":"cinnamonchain","timestamp":"2026-03-26 18:14:48"}
{"level":"info","message":"Redis connected","service":"cinnamonchain","timestamp":"2026-03-26 18:14:54"}
{"level":"error","message":"Redis error: NOAUTH Authentication required","service":"cinnamonchain","timestamp":"2026-03-26 18:14:55"}
{"level":"info","message":"Redis connected","service":"cinnamonchain","timestamp":"2026-03-26 18:15:00"}
{"level":"error","message":"Redis error: NOAUTH Authentication required","service":"cinnamonchain","timestamp":"2026-03-26 18:15:01"}
{"level":"info","message":"Redis connected","service":"cinnamonchain","timestamp":"2026-03-26 18:15:06"}
{"level":"error","message":"Redis error: NOAUTH Authentication required","service":"cinnamonchain","timestamp":"2026-03-26 18:15:07"}
{"level":"info","message":"Redis connected","service":"cinnamonchain","timestamp":"2026-03-26 18:15:12"}
{"level":"error","message":"Redis error: NOAUTH Authentication required","service":"cinnamonchain","timestamp":"2026-03-26 18:15:13"}
{"level":"info","message":"Redis connected","service":"cinnamonchain","timestamp":"2026-03-26 18:15:19"}
{"level":"error","message":"Redis error: NOAUTH Authentication required","service":"cinnamonchain","timestamp":"2026-03-26 18:15:19"}
{"level":"info","message":"Redis connected","service":"cinnamonchain","timestamp":"2026-03-26 18:15:25"}
{"level":"error","message":"Redis error: NOAUTH Authentication required","service":"cinnamonchain","timestamp":"2026-03-26 18:15:25"}
{"level":"info","message":"Redis connected","service":"cinnamonchain","timestamp":"2026-03-26 18:15:31"}
{"level":"error","message":"Redis error: NOAUTH Authentication required","service":"cinnamonchain","timestamp":"2026-03-26 18:15:31"}
{"level":"info","message":"Redis connected","service":"cinnamonchain","timestamp":"2026-03-26 18:15:37"}
{"level":"error","message":"Redis error: NOAUTH Authentication required","service":"cinnamonchain","timestamp":"2026-03-26 18:15:37"}
{"level":"info","message":"Redis connected","service":"cinnamonchain","timestamp":"2026-03-26 18:15:43"}
{"level":"error","message":"Redis error: NOAUTH Authentication required","service":"cinnamonchain","timestamp":"2026-03-26 18:15:44"}
{"level":"info","message":"Redis connected","service":"cinnamonchain","timestamp":"2026-03-26 18:15:49"}
{"level":"error","message":"Redis error: NOAUTH Authentication required","service":"cinnamonchain","timestamp":"2026-03-26 18:15:50"}
{"level":"info","message":"Redis connected","service":"cinnamonchain","timestamp":"2026-03-26 18:15:55"}
{"level":"error","message":"Redis error: NOAUTH Authentication required","service":"cinnamonchain","timestamp":"2026-03-26 18:15:56"}
{"level":"info","message":"Redis connected","service":"cinnamonchain","timestamp":"2026-03-26 18:16:01"}
{"level":"error","message":"Redis error: NOAUTH Authentication required","service":"cinnamonchain","timestamp":"2026-03-26 18:16:02"}
{"level":"info","message":"Redis connected","service":"cinnamonchain","timestamp":"2026-03-26 18:16:08"}
{"level":"error","message":"Redis error: NOAUTH Authentication required","service":"cinnamonchain","timestamp":"2026-03-26 18:16:08"}
{"level":"info","message":"Redis connected","service":"cinnamonchain","timestamp":"2026-03-26 18:16:14"}
{"level":"error","message":"Redis error: NOAUTH Authentication required","service":"cinnamonchain","timestamp":"2026-03-26 18:16:14"}
{"level":"info","message":"Redis connected","service":"cinnamonchain","timestamp":"2026-03-26 18:16:20"}
{"level":"error","message":"Redis error: NOAUTH Authentication required","service":"cinnamonchain","timestamp":"2026-03-26 18:16:20"}
{"level":"info","message":"Redis connected","service":"cinnamonchain","timestamp":"2026-03-26 18:16:26"}
{"level":"error","message":"Redis error: NOAUTH Authentication required","service":"cinnamonchain","timestamp":"2026-03-26 18:16:26"}
{"level":"info","message":"Redis connected","service":"cinnamonchain","timestamp":"2026-03-26 18:16:32"}
{"level":"error","message":"Redis error: NOAUTH Authentication required","service":"cinnamonchain","timestamp":"2026-03-26 18:16:33"}
{"level":"info","message":"Redis connected","service":"cinnamonchain","timestamp":"2026-03-26 18:16:38"}
{"level":"error","message":"Redis error: NOAUTH Authentication required","service":"cinnamonchain","timestamp":"2026-03-26 18:16:39"}
{"level":"info","message":"Redis connected","service":"cinnamonchain","timestamp":"2026-03-26 18:16:44"}
{"level":"error","message":"Redis error: NOAUTH Authentication required","service":"cinnamonchain","timestamp":"2026-03-26 18:16:45"}
{"level":"info","message":"Redis connected","service":"cinnamonchain","timestamp":"2026-03-26 18:16:50"}
{"level":"error","message":"Redis error: NOAUTH Authentication required","service":"cinnamonchain","timestamp":"2026-03-26 18:16:51"}
{"level":"info","message":"Redis connected","service":"cinnamonchain","timestamp":"2026-03-26 18:16:57"}
{"level":"error","message":"Redis error: NOAUTH Authentication required","service":"cinnamonchain","timestamp":"2026-03-26 18:16:58"}
{"level":"info","message":"Redis connected","service":"cinnamonchain","timestamp":"2026-03-26 18:17:03"}
{"level":"error","message":"Redis error: NOAUTH Authentication required","service":"cinnamonchain","timestamp":"2026-03-26 18:17:04"}
{"level":"info","message":"Redis connected","service":"cinnamonchain","timestamp":"2026-03-26 18:17:10"}
{"level":"error","message":"Redis error: NOAUTH Authentication required","service":"cinnamonchain","timestamp":"2026-03-26 18:17:10"}
{"level":"info","message":"Redis connected","service":"cinnamonchain","timestamp":"2026-03-26 18:17:16"}
{"level":"error","message":"Redis error: NOAUTH Authentication required","service":"cinnamonchain","timestamp":"2026-03-26 18:17:16"}
{"level":"info","message":"Redis connected","service":"cinnamonchain","timestamp":"2026-03-26 18:17:22"}
{"level":"error","message":"Redis error: NOAUTH Authentication required","service":"cinnamonchain","timestamp":"2026-03-26 18:17:22"}
{"level":"info","message":"Redis connected","service":"cinnamonchain","timestamp":"2026-03-26 18:17:28"}
{"level":"error","message":"Redis error: NOAUTH Authentication required","service":"cinnamonchain","timestamp":"2026-03-26 18:17:29"}
{"level":"info","message":"Redis connected","service":"cinnamonchain","timestamp":"2026-03-26 18:17:34"}
{"level":"error","message":"Redis error: NOAUTH Authentication required","service":"cinnamonchain","timestamp":"2026-03-26 18:17:35"}
{"level":"info","message":"Redis connected","service":"cinnamonchain","timestamp":"2026-03-26 18:17:40"}
{"level":"error","message":"Redis error: NOAUTH Authentication required","service":"cinnamonchain","timestamp":"2026-03-26 18:17:41"}
{"level":"info","message":"Redis connected","service":"cinnamonchain","timestamp":"2026-03-26 18:17:46"}
{"level":"error","message":"Redis error: NOAUTH Authentication required","service":"cinnamonchain","timestamp":"2026-03-26 18:17:47"}
{"level":"info","message":"Redis connected","service":"cinnamonchain","timestamp":"2026-03-26 18:17:53"}
{"level":"error","message":"Redis error: NOAUTH Authentication required","service":"cinnamonchain","timestamp":"2026-03-26 18:17:53"}
{"level":"info","message":"Redis connected","service":"cinnamonchain","timestamp":"2026-03-26 18:17:59"}
{"level":"error","message":"Redis error: NOAUTH Authentication required","service":"cinnamonchain","timestamp":"2026-03-26 18:17:59"}
{"level":"info","message":"Redis connected","service":"cinnamonchain","timestamp":"2026-03-26 18:18:05"}
{"level":"error","message":"Redis error: NOAUTH Authentication required","service":"cinnamonchain","timestamp":"2026-03-26 18:18:05"}
{"level":"info","message":"Redis connected","service":"cinnamonchain","timestamp":"2026-03-26 18:18:11"}
{"level":"error","message":"Redis error: NOAUTH Authentication required","service":"cinnamonchain","timestamp":"2026-03-26 18:18:11"}
{"level":"info","message":"Redis connected","service":"cinnamonchain","timestamp":"2026-03-26 18:18:17"}
{"level":"error","message":"Redis error: NOAUTH Authentication required","service":"cinnamonchain","timestamp":"2026-03-26 18:18:18"}
{"level":"info","message":"Redis connected","service":"cinnamonchain","timestamp":"2026-03-26 18:18:23"}
{"level":"error","message":"Redis error: NOAUTH Authentication required","service":"cinnamonchain","timestamp":"2026-03-26 18:18:24"}
{"level":"info","message":"Redis connected","service":"cinnamonchain","timestamp":"2026-03-26 18:18:30"}
{"level":"error","message":"Redis error: NOAUTH Authentication required","service":"cinnamonchain","timestamp":"2026-03-26 18:18:30"}
{"level":"info","message":"Redis connected","service":"cinnamonchain","timestamp":"2026-03-26 18:18:36"}
{"level":"error","message":"Redis error: NOAUTH Authentication required","service":"cinnamonchain","timestamp":"2026-03-26 18:18:36"}
{"level":"info","message":"Redis connected","service":"cinnamonchain","timestamp":"2026-03-26 18:18:42"}
{"level":"error","message":"Redis error: NOAUTH Authentication required","service":"cinnamonchain","timestamp":"2026-03-26 18:18:42"}
{"level":"info","message":"Redis connected","service":"cinnamonchain","timestamp":"2026-03-26 18:18:48"}
{"level":"error","message":"Redis error: NOAUTH Authentication required","service":"cinnamonchain","timestamp":"2026-03-26 18:18:48"}
{"level":"info","message":"Redis connected","service":"cinnamonchain","timestamp":"2026-03-26 18:18:54"}
{"level":"error","message":"Redis error: NOAUTH Authentication required","service":"cinnamonchain","timestamp":"2026-03-26 18:18:55"}
{"level":"info","message":"Redis connected","service":"cinnamonchain","timestamp":"2026-03-26 18:19:00"}
{"level":"error","message":"Redis error: NOAUTH Authentication required","service":"cinnamonchain","timestamp":"2026-03-26 18:19:01"}
{"level":"info","message":"Redis connected","service":"cinnamonchain","timestamp":"2026-03-26 18:19:08"}
{"level":"error","message":"Redis error: NOAUTH Authentication required","service":"cinnamonchain","timestamp":"2026-03-26 18:19:08"}
{"level":"info","message":"Redis connected","service":"cinnamonchain","timestamp":"2026-03-26 18:19:14"}
{"level":"error","message":"Redis error: NOAUTH Authentication required","service":"cinnamonchain","timestamp":"2026-03-26 18:19:15"}
{"level":"info","message":"Redis connected","service":"cinnamonchain","timestamp":"2026-03-26 18:19:20"}
{"level":"error","message":"Redis error: NOAUTH Authentication required","service":"cinnamonchain","timestamp":"2026-03-26 18:19:21"}
{"level":"info","message":"Redis connected","service":"cinnamonchain","timestamp":"2026-03-26 18:19:27"}
{"level":"error","message":"Redis error: NOAUTH Authentication required","service":"cinnamonchain","timestamp":"2026-03-26 18:19:28"}
{"level":"info","message":"Redis connected","service":"cinnamonchain","timestamp":"2026-03-26 18:19:34"}
{"level":"error","message":"Redis error: NOAUTH Authentication required","service":"cinnamonchain","timestamp":"2026-03-26 18:19:34"}
{"level":"info","message":"Redis connected","service":"cinnamonchain","timestamp":"2026-03-26 18:19:40"}
{"level":"error","message":"Redis error: NOAUTH Authentication required","service":"cinnamonchain","timestamp":"2026-03-26 18:19:40"}
{"level":"info","message":"Redis connected","service":"cinnamonchain","timestamp":"2026-03-26 18:19:46"}
{"level":"error","message":"Redis error: NOAUTH Authentication required","service":"cinnamonchain","timestamp":"2026-03-26 18:19:47"}
{"level":"info","message":"Redis connected","service":"cinnamonchain","timestamp":"2026-03-26 18:19:52"}
{"level":"error","message":"Redis error: NOAUTH Authentication required","service":"cinnamonchain","timestamp":"2026-03-26 18:19:53"}
{"level":"info","message":"Redis connected","service":"cinnamonchain","timestamp":"2026-03-26 18:19:59"}
{"level":"error","message":"Redis error: NOAUTH Authentication required","service":"cinnamonchain","timestamp":"2026-03-26 18:19:59"}
{"level":"info","message":"Redis connected","service":"cinnamonchain","timestamp":"2026-03-26 18:20:05"}
{"level":"error","message":"Redis error: NOAUTH Authentication required","service":"cinnamonchain","timestamp":"2026-03-26 18:20:05"}
{"level":"info","message":"Redis connected","service":"cinnamonchain","timestamp":"2026-03-26 18:20:11"}
{"level":"error","message":"Redis error: NOAUTH Authentication required","service":"cinnamonchain","timestamp":"2026-03-26 18:20:11"}
{"level":"info","message":"Redis connected","service":"cinnamonchain","timestamp":"2026-03-26 18:20:17"}
{"level":"error","message":"Redis error: NOAUTH Authentication required","service":"cinnamonchain","timestamp":"2026-03-26 18:20:17"}
{"level":"info","message":"Redis connected","service":"cinnamonchain","timestamp":"2026-03-26 18:20:23"}
{"level":"error","message":"Redis error: NOAUTH Authentication required","service":"cinnamonchain","timestamp":"2026-03-26 18:20:24"}
{"level":"info","message":"Redis connected","service":"cinnamonchain","timestamp":"2026-03-26 18:20:29"}
{"level":"error","message":"Redis error: NOAUTH Authentication required","service":"cinnamonchain","timestamp":"2026-03-26 18:20:30"}
{"level":"info","message":"Redis connected","service":"cinnamonchain","timestamp":"2026-03-26 18:20:35"}
{"level":"error","message":"Redis error: NOAUTH Authentication required","service":"cinnamonchain","timestamp":"2026-03-26 18:20:36"}
{"level":"info","message":"Redis connected","service":"cinnamonchain","timestamp":"2026-03-26 18:20:41"}
{"level":"error","message":"Redis error: NOAUTH Authentication required","service":"cinnamonchain","timestamp":"2026-03-26 18:20:42"}
{"level":"info","message":"Redis connected","service":"cinnamonchain","timestamp":"2026-03-26 18:20:48"}
{"level":"error","message":"Redis error: NOAUTH Authentication required","service":"cinnamonchain","timestamp":"2026-03-26 18:20:48"}
{"level":"info","message":"Redis connected","service":"cinnamonchain","timestamp":"2026-03-26 18:20:54"}
{"level":"error","message":"Redis error: NOAUTH Authentication required","service":"cinnamonchain","timestamp":"2026-03-26 18:20:54"}
{"level":"info","message":"Redis connected","service":"cinnamonchain","timestamp":"2026-03-26 18:21:00"}
{"level":"error","message":"Redis error: NOAUTH Authentication required","service":"cinnamonchain","timestamp":"2026-03-26 18:21:00"}
{"level":"info","message":"Redis connected","service":"cinnamonchain","timestamp":"2026-03-26 18:21:06"}
{"level":"error","message":"Redis error: NOAUTH Authentication required","service":"cinnamonchain","timestamp":"2026-03-26 18:21:06"}
{"level":"info","message":"Redis connected","service":"cinnamonchain","timestamp":"2026-03-26 18:21:12"}
{"level":"error","message":"Redis error: NOAUTH Authentication required","service":"cinnamonchain","timestamp":"2026-03-26 18:21:13"}
{"level":"info","message":"Redis connected","service":"cinnamonchain","timestamp":"2026-03-26 18:21:18"}
{"level":"error","message":"Redis error: NOAUTH Authentication required","service":"cinnamonchain","timestamp":"2026-03-26 18:21:19"}
{"level":"info","message":"Socket.IO initialized","service":"cinnamonchain","timestamp":"2026-03-26 18:21:24"}
{"level":"info","message":"Socket.IO initialized","service":"cinnamonchain","timestamp":"2026-03-26 18:21:24"}
{"level":"info","message":"Socket.IO initialized","service":"cinnamonchain","timestamp":"2026-03-26 18:21:24"}
{"level":"info","message":"Redis connected","service":"cinnamonchain","timestamp":"2026-03-26 18:21:24"}
{"level":"info","message":"Redis connected","service":"cinnamonchain","timestamp":"2026-03-26 18:21:24"}
{"level":"info","message":"Redis connected","service":"cinnamonchain","timestamp":"2026-03-26 18:21:24"}
{"level":"warn","message":"Redis requires password — check REDIS_URL in .env","service":"cinnamonchain","timestamp":"2026-03-26 18:21:24"}
{"level":"warn","message":"Redis requires password — check REDIS_URL in .env","service":"cinnamonchain","timestamp":"2026-03-26 18:21:25"}
{"level":"warn","message":"Redis requires password — check REDIS_URL in .env","service":"cinnamonchain","timestamp":"2026-03-26 18:21:25"}
{"level":"info","message":"MongoDB connected: ac-1a09yjc-shard-00-02.kr0ujo9.mongodb.net","service":"cinnamonchain","timestamp":"2026-03-26 18:21:25"}
{"level":"info","message":"MongoDB connected: ac-1a09yjc-shard-00-02.kr0ujo9.mongodb.net","service":"cinnamonchain","timestamp":"2026-03-26 18:21:25"}
{"level":"info","message":"Server running on port 5001 [development]","service":"cinnamonchain","timestamp":"2026-03-26 18:21:25"}
{"level":"info","message":"MongoDB connected: ac-1a09yjc-shard-00-02.kr0ujo9.mongodb.net","service":"cinnamonchain","timestamp":"2026-03-26 18:21:25"}
{"level":"warn","message":"Redis connect failed: Connection is closed.","service":"cinnamonchain","timestamp":"2026-03-26 18:21:25"}
{"level":"info","message":"Redis connected","service":"cinnamonchain","timestamp":"2026-03-26 18:21:25"}
{"level":"warn","message":"Redis requires password — check REDIS_URL in .env","service":"cinnamonchain","timestamp":"2026-03-26 18:21:26"}
{"level":"info","message":"Redis connected","service":"cinnamonchain","timestamp":"2026-03-26 18:21:27"}
{"level":"warn","message":"Redis requires password — check REDIS_URL in .env","service":"cinnamonchain","timestamp":"2026-03-26 18:21:27"}
{"level":"info","message":"Redis connected","service":"cinnamonchain","timestamp":"2026-03-26 18:21:28"}
{"level":"warn","message":"Redis requires password — check REDIS_URL in .env","service":"cinnamonchain","timestamp":"2026-03-26 18:21:29"}
{"level":"warn","message":"Redis connection failed — running without Redis","service":"cinnamonchain","timestamp":"2026-03-26 18:21:29"}
{"level":"info","message":"Socket.IO initialized","service":"cinnamonchain","timestamp":"2026-03-26 18:23:04"}
{"level":"info","message":"Socket.IO initialized","service":"cinnamonchain","timestamp":"2026-03-26 18:23:04"}
{"level":"info","message":"Socket.IO initialized","service":"cinnamonchain","timestamp":"2026-03-26 18:23:04"}
{"level":"info","message":"Redis connected","service":"cinnamonchain","timestamp":"2026-03-26 18:23:04"}
{"level":"info","message":"Redis connected","service":"cinnamonchain","timestamp":"2026-03-26 18:23:04"}
{"level":"info","message":"Redis connected","service":"cinnamonchain","timestamp":"2026-03-26 18:23:04"}
{"level":"warn","message":"Redis requires password — check REDIS_URL in .env","service":"cinnamonchain","timestamp":"2026-03-26 18:23:05"}
{"level":"warn","message":"Redis requires password — check REDIS_URL in .env","service":"cinnamonchain","timestamp":"2026-03-26 18:23:05"}
{"level":"warn","message":"Redis requires password — check REDIS_URL in .env","service":"cinnamonchain","timestamp":"2026-03-26 18:23:05"}
{"level":"info","message":"MongoDB connected: ac-1a09yjc-shard-00-00.kr0ujo9.mongodb.net","service":"cinnamonchain","timestamp":"2026-03-26 18:23:05"}
{"level":"info","message":"Server running on port 5001 [development]","service":"cinnamonchain","timestamp":"2026-03-26 18:23:05"}
{"level":"info","message":"MongoDB connected: ac-1a09yjc-shard-00-02.kr0ujo9.mongodb.net","service":"cinnamonchain","timestamp":"2026-03-26 18:23:05"}
{"level":"warn","message":"Redis connect failed: Connection is closed.","service":"cinnamonchain","timestamp":"2026-03-26 18:23:05"}
{"level":"warn","message":"Redis connect failed: Connection is closed.","service":"cinnamonchain","timestamp":"2026-03-26 18:23:05"}
{"level":"info","message":"MongoDB connected: ac-1a09yjc-shard-00-02.kr0ujo9.mongodb.net","service":"cinnamonchain","timestamp":"2026-03-26 18:23:05"}
{"level":"info","message":"Redis connected","service":"cinnamonchain","timestamp":"2026-03-26 18:23:05"}
{"level":"warn","message":"Redis requires password — check REDIS_URL in .env","service":"cinnamonchain","timestamp":"2026-03-26 18:23:06"}
{"level":"info","message":"Redis connected","service":"cinnamonchain","timestamp":"2026-03-26 18:23:07"}
{"level":"warn","message":"Redis requires password — check REDIS_URL in .env","service":"cinnamonchain","timestamp":"2026-03-26 18:23:07"}
{"level":"info","message":"Redis connected","service":"cinnamonchain","timestamp":"2026-03-26 18:23:08"}
{"level":"warn","message":"Redis requires password — check REDIS_URL in .env","service":"cinnamonchain","timestamp":"2026-03-26 18:23:09"}
{"level":"warn","message":"Redis connection failed — running without Redis","service":"cinnamonchain","timestamp":"2026-03-26 18:23:09"}
{"level":"info","message":"Socket.IO initialized","service":"cinnamonchain","timestamp":"2026-03-26 18:24:15"}
{"level":"info","message":"Redis connected","service":"cinnamonchain","timestamp":"2026-03-26 18:24:15"}
{"level":"warn","message":"Redis requires password — check REDIS_URL in .env","service":"cinnamonchain","timestamp":"2026-03-26 18:24:16"}
{"level":"info","message":"MongoDB connected: ac-1a09yjc-shard-00-00.kr0ujo9.mongodb.net","service":"cinnamonchain","timestamp":"2026-03-26 18:24:16"}
{"level":"info","message":"Server running on port 5001 [development]","service":"cinnamonchain","timestamp":"2026-03-26 18:24:16"}
{"level":"warn","message":"Redis connect failed: Connection is closed.","service":"cinnamonchain","timestamp":"2026-03-26 18:24:16"}
{"level":"info","message":"Redis connected","service":"cinnamonchain","timestamp":"2026-03-26 18:24:17"}
{"level":"warn","message":"Redis requires password — check REDIS_URL in .env","service":"cinnamonchain","timestamp":"2026-03-26 18:24:17"}
{"level":"info","message":"Redis connected","service":"cinnamonchain","timestamp":"2026-03-26 18:24:18"}
{"level":"warn","message":"Redis requires password — check REDIS_URL in .env","service":"cinnamonchain","timestamp":"2026-03-26 18:24:19"}
{"level":"info","message":"Redis connected","service":"cinnamonchain","timestamp":"2026-03-26 18:24:20"}
{"level":"warn","message":"Redis requires password — check REDIS_URL in .env","service":"cinnamonchain","timestamp":"2026-03-26 18:24:20"}
{"level":"warn","message":"Redis connection failed — running without Redis","service":"cinnamonchain","timestamp":"2026-03-26 18:24:20"}
{"level":"info","message":"Socket.IO initialized","service":"cinnamonchain","timestamp":"2026-03-26 18:35:56"}
{"level":"info","message":"Redis connected","service":"cinnamonchain","timestamp":"2026-03-26 18:35:57"}
{"level":"warn","message":"Redis requires password — check REDIS_URL in .env","service":"cinnamonchain","timestamp":"2026-03-26 18:35:57"}
{"level":"info","message":"MongoDB connected: ac-1a09yjc-shard-00-02.kr0ujo9.mongodb.net","service":"cinnamonchain","timestamp":"2026-03-26 18:35:57"}
{"level":"info","message":"Server running on port 5001 [development]","service":"cinnamonchain","timestamp":"2026-03-26 18:35:57"}
{"level":"warn","message":"Redis connect failed: Connection is closed.","service":"cinnamonchain","timestamp":"2026-03-26 18:35:58"}
{"level":"info","message":"Redis connected","service":"cinnamonchain","timestamp":"2026-03-26 18:35:58"}
{"level":"warn","message":"Redis requires password — check REDIS_URL in .env","service":"cinnamonchain","timestamp":"2026-03-26 18:35:58"}
{"level":"info","message":"Redis connected","service":"cinnamonchain","timestamp":"2026-03-26 18:35:59"}
{"level":"warn","message":"Redis requires password — check REDIS_URL in .env","service":"cinnamonchain","timestamp":"2026-03-26 18:36:00"}
{"level":"info","message":"Redis connected","service":"cinnamonchain","timestamp":"2026-03-26 18:36:01"}
{"level":"warn","message":"Redis requires password — check REDIS_URL in .env","service":"cinnamonchain","timestamp":"2026-03-26 18:36:02"}
{"level":"warn","message":"Redis connection failed — running without Redis","service":"cinnamonchain","timestamp":"2026-03-26 18:36:02"}
